<?xml version="1.0" encoding="UTF-8"?>
<!-- Generated by org.testng.reporters.JUnitXMLReporter -->
<testsuite ignored="0" hostname="DESKTOP-A3145QO" failures="0" tests="3" name="Default test" time="9.473" errors="0" timestamp="2024-07-04T08:53:27 IST">
  <testcase classname="package11_POM1.A03_LoginTest" name="verifyURL" time="0.027"/>
  <testcase classname="package11_POM1.A03_LoginTest" name="verifyTitle" time="0.015"/>
  <testcase classname="package11_POM1.A03_LoginTest" name="login" time="2.073"/>
</testsuite> <!-- Default test -->
