<?xml version="1.0" encoding="UTF-8"?>
<!-- Generated by org.testng.reporters.JUnitXMLReporter -->
<testsuite ignored="1" hostname="DESKTOP-A3145QO" failures="0" tests="1" name="Default test" time="0.117" errors="0" timestamp="2024-06-18T17:59:12 IST">
  <testcase classname="package01_TestNGDemo.A06_Enabled" name="logINTC" time="0.018"/>
  <testcase classname="package01_TestNGDemo.A06_Enabled" name="registrationTC" time="0.0">
    <ignored/>
  </testcase> <!-- registrationTC -->
</testsuite> <!-- Default test -->
