<?xml version="1.0" encoding="UTF-8"?>
<!-- Generated by org.testng.reporters.JUnitXMLReporter -->
<testsuite ignored="1" hostname="DESKTOP-A3145QO" failures="0" tests="2" name="Default test(failed)" time="0.149" errors="0" timestamp="2024-06-18T10:29:33 IST">
  <testcase classname="package01_TestNGDemo.A05_FailedTC" name="registrationTC" time="0.032"/>
  <testcase classname="package01_TestNGDemo.A05_FailedTC" name="registrationTC" time="0.004"/>
  <testcase classname="package01_TestNGDemo.A05_FailedTC" name="logINTC" time="0.0">
    <ignored/>
  </testcase> <!-- logINTC -->
</testsuite> <!-- Default test(failed) -->
