<?xml version="1.0" encoding="UTF-8"?>
<!-- Generated by org.testng.reporters.JUnitXMLReporter -->
<testsuite ignored="2" hostname="DESKTOP-A3145QO" failures="0" tests="4" name="Test" time="0.146" errors="0" timestamp="2024-06-18T18:58:47 IST">
  <testcase classname="package01_TestNGDemo.A08_Groups" name="logINTC" time="0.016"/>
  <testcase classname="package01_TestNGDemo.A08_Groups" name="logoutTC" time="0.003"/>
  <testcase classname="package01_TestNGDemo.A08_Groups" name="search" time="0.005"/>
  <testcase classname="package01_TestNGDemo.A08_Groups" name="ibmme" time="0.003"/>
  <testcase classname="package01_TestNGDemo.A08_Groups" name="registrationTC" time="0.0">
    <ignored/>
  </testcase> <!-- registrationTC -->
  <testcase classname="package01_TestNGDemo.A08_Groups" name="explore" time="0.0">
    <ignored/>
  </testcase> <!-- explore -->
</testsuite> <!-- Test -->
