<?xml version="1.0" encoding="UTF-8"?>
<!-- Generated by org.testng.reporters.JUnitXMLReporter -->
<testsuite ignored="0" hostname="DESKTOP-A3145QO" failures="0" tests="3" name="Test" time="17.148" errors="0" timestamp="2024-07-03T09:33:21 IST">
  <testcase classname="package09_ParallelExecution.A01_ParallelExeBrowsers" name="edgeTest" time="9.537"/>
  <testcase classname="package09_ParallelExecution.A01_ParallelExeBrowsers" name="googleTest" time="9.725"/>
  <testcase classname="package09_ParallelExecution.A01_ParallelExeBrowsers" name="firefoxTest" time="17.041"/>
</testsuite> <!-- Test -->
