<?xml version="1.0" encoding="UTF-8"?>
<testng-results ignored="0" total="1" passed="1" failed="0" skipped="0">
  <reporter-output>
  </reporter-output>
  <suite started-at="2024-07-09T19:02:14 IST" name="Default suite" finished-at="2024-07-09T19:02:22 IST" duration-ms="7791">
    <groups>
    </groups>
    <test started-at="2024-07-09T19:02:14 IST" name="Default test" finished-at="2024-07-09T19:02:22 IST" duration-ms="7791">
      <class name="package15_FullScreenShot.A02_FullScreenShot2">
        <test-method signature="screenShot()[pri:0, instance:package15_FullScreenShot.A02_FullScreenShot2@201a4587]" started-at="2024-07-09T19:02:14 IST" name="screenShot" finished-at="2024-07-09T19:02:22 IST" duration-ms="7695" status="PASS">
          <reporter-output>
          </reporter-output>
        </test-method> <!-- screenShot -->
      </class> <!-- package15_FullScreenShot.A02_FullScreenShot2 -->
    </test> <!-- Default test -->
  </suite> <!-- Default suite -->
</testng-results>
